1476671359187	addons.manager	DEBUG	Application has been upgraded
1476671359359	addons.manager	DEBUG	Loaded provider scope for resource://gre/modules/addons/XPIProvider.jsm: ["XPIProvider"]
1476671359363	addons.manager	DEBUG	Loaded provider scope for resource://gre/modules/LightweightThemeManager.jsm: ["LightweightThemeManager"]
1476671359374	addons.manager	DEBUG	Loaded provider scope for resource://gre/modules/addons/GMPProvider.jsm
1476671359378	addons.manager	DEBUG	Loaded provider scope for resource://gre/modules/addons/PluginProvider.jsm
1476671359379	addons.manager	DEBUG	Starting provider: XPIProvider
1476671359379	addons.xpi	DEBUG	startup
1476671359380	addons.xpi	INFO	SystemAddonInstallLocation directory is missing
1476671359381	addons.xpi	INFO	Mapping e10srollout@mozilla.org to C:\Program Files (x86)\Mozilla Firefox\browser\features\e10srollout@mozilla.org.xpi
1476671359381	addons.xpi	INFO	Mapping firefox@getpocket.com to C:\Program Files (x86)\Mozilla Firefox\browser\features\firefox@getpocket.com.xpi
1476671359382	addons.xpi	INFO	Mapping webcompat@mozilla.org to C:\Program Files (x86)\Mozilla Firefox\browser\features\webcompat@mozilla.org.xpi
1476671359383	addons.xpi	INFO	Mapping {972ce4c6-7e08-4474-a285-3208198ce6fd} to C:\Program Files (x86)\Mozilla Firefox\browser\extensions\{972ce4c6-7e08-4474-a285-3208198ce6fd}.xpi
1476671359384	addons.xpi	DEBUG	checkForChanges
1476671359385	addons.xpi	DEBUG	Loaded add-on state from prefs: {}
1476671359385	addons.xpi	DEBUG	New add-on e10srollout@mozilla.org in app-system-defaults
1476671359386	addons.xpi	DEBUG	getModTime: Recursive scan of e10srollout@mozilla.org
1476671359387	addons.xpi	DEBUG	New add-on firefox@getpocket.com in app-system-defaults
1476671359387	addons.xpi	DEBUG	getModTime: Recursive scan of firefox@getpocket.com
1476671359388	addons.xpi	DEBUG	New add-on webcompat@mozilla.org in app-system-defaults
1476671359388	addons.xpi	DEBUG	getModTime: Recursive scan of webcompat@mozilla.org
1476671359389	addons.xpi	DEBUG	New add-on {972ce4c6-7e08-4474-a285-3208198ce6fd} in app-global
1476671359389	addons.xpi	DEBUG	getModTime: Recursive scan of {972ce4c6-7e08-4474-a285-3208198ce6fd}
1476671359390	addons.xpi	DEBUG	getInstallState changed: true, state: {"app-system-defaults":{"e10srollout@mozilla.org":{"d":"C:\\Program Files (x86)\\Mozilla Firefox\\browser\\features\\e10srollout@mozilla.org.xpi","st":1475054007312},"firefox@getpocket.com":{"d":"C:\\Program Files (x86)\\Mozilla Firefox\\browser\\features\\firefox@getpocket.com.xpi","st":1475054007307},"webcompat@mozilla.org":{"d":"C:\\Program Files (x86)\\Mozilla Firefox\\browser\\features\\webcompat@mozilla.org.xpi","st":1475054007568}},"app-global":{"{972ce4c6-7e08-4474-a285-3208198ce6fd}":{"d":"C:\\Program Files (x86)\\Mozilla Firefox\\browser\\extensions\\{972ce4c6-7e08-4474-a285-3208198ce6fd}.xpi","st":1475054007318}}}
1476671359400	addons.xpi-utils	DEBUG	Opening XPI database C:\Users\Lenovo\AppData\Local\Temp\rust_mozprofile.kCe2aXN9xfM8\extensions.json
1476671359402	addons.xpi-utils	DEBUG	New add-on e10srollout@mozilla.org installed in app-system-defaults
*** Blocklist::_loadBlocklistFromFile: blocklist is disabled
1476671359414	DeferredSave.extensions.json	DEBUG	Save changes
1476671359414	addons.xpi-utils	DEBUG	New add-on firefox@getpocket.com installed in app-system-defaults
1476671359420	DeferredSave.extensions.json	DEBUG	Starting timer
1476671359422	DeferredSave.extensions.json	DEBUG	Save changes
1476671359422	addons.xpi-utils	DEBUG	New add-on webcompat@mozilla.org installed in app-system-defaults
1476671359427	DeferredSave.extensions.json	DEBUG	Save changes
1476671359428	addons.xpi-utils	DEBUG	New add-on {972ce4c6-7e08-4474-a285-3208198ce6fd} installed in app-global
1476671359433	DeferredSave.extensions.json	DEBUG	Save changes
1476671359440	addons.xpi	DEBUG	Loading bootstrap scope from C:\Program Files (x86)\Mozilla Firefox\browser\features\e10srollout@mozilla.org.xpi
1476671359454	addons.xpi	DEBUG	Calling bootstrap method install on e10srollout@mozilla.org version 1.2
1476671359455	addons.xpi-utils	DEBUG	Make addon app-system-defaults:e10srollout@mozilla.org visible
1476671359455	DeferredSave.extensions.json	DEBUG	Save changes
1476671359456	addons.xpi	DEBUG	Loading bootstrap scope from C:\Program Files (x86)\Mozilla Firefox\browser\features\firefox@getpocket.com.xpi
1476671359461	addons.xpi	DEBUG	Calling bootstrap method install on firefox@getpocket.com version 1.0.4
1476671359461	addons.xpi-utils	DEBUG	Make addon app-system-defaults:firefox@getpocket.com visible
1476671359461	DeferredSave.extensions.json	DEBUG	Save changes
1476671359463	addons.xpi	DEBUG	Loading bootstrap scope from C:\Program Files (x86)\Mozilla Firefox\browser\features\webcompat@mozilla.org.xpi
1476671359466	addons.xpi	DEBUG	Calling bootstrap method install on webcompat@mozilla.org version 1.0
1476671359466	addons.xpi-utils	DEBUG	Make addon app-system-defaults:webcompat@mozilla.org visible
1476671359466	DeferredSave.extensions.json	DEBUG	Save changes
1476671359466	addons.xpi-utils	DEBUG	Make addon app-global:{972ce4c6-7e08-4474-a285-3208198ce6fd} visible
1476671359467	DeferredSave.extensions.json	DEBUG	Save changes
1476671359467	addons.xpi	DEBUG	Updating XPIState for {"id":"e10srollout@mozilla.org","syncGUID":"XJfSbbrOCuTa","location":"app-system-defaults","version":"1.2","type":"extension","internalName":null,"updateURL":null,"updateKey":null,"optionsURL":null,"optionsType":null,"aboutURL":null,"icons":{},"iconURL":null,"icon64URL":null,"defaultLocale":{"name":"Multi-process staged rollout","description":"Staged rollout of Firefox multi-process feature.","creator":null,"homepageURL":null},"visible":true,"active":true,"userDisabled":false,"appDisabled":false,"descriptor":"C:\\Program Files (x86)\\Mozilla Firefox\\browser\\features\\e10srollout@mozilla.org.xpi","installDate":1475054007312,"updateDate":1475054007312,"applyBackgroundUpdates":1,"bootstrap":true,"skinnable":false,"size":5716,"sourceURI":null,"releaseNotesURI":null,"softDisabled":false,"foreignInstall":false,"hasBinaryComponents":false,"strictCompatibility":false,"locales":[],"targetApplications":[{"id":"{ec8030f7-c20a-464f-9b0e-13a3a9e97384}","minVersion":"49.0.1","maxVersion":"49.*"}],"targetPlatforms":[],"multiprocessCompatible":false,"seen":true}
1476671359467	addons.xpi	DEBUG	getModTime: Recursive scan of e10srollout@mozilla.org
1476671359468	addons.xpi	DEBUG	Updating XPIState for {"id":"firefox@getpocket.com","syncGUID":"_FY3h_oKe_NK","location":"app-system-defaults","version":"1.0.4","type":"extension","internalName":null,"updateURL":null,"updateKey":null,"optionsURL":null,"optionsType":null,"aboutURL":null,"icons":{},"iconURL":null,"icon64URL":null,"defaultLocale":{"name":"Pocket","description":"When you find something you want to view later, put it in Pocket.","creator":null,"homepageURL":null},"visible":true,"active":true,"userDisabled":false,"appDisabled":false,"descriptor":"C:\\Program Files (x86)\\Mozilla Firefox\\browser\\features\\firefox@getpocket.com.xpi","installDate":1475054007307,"updateDate":1475054007307,"applyBackgroundUpdates":1,"bootstrap":true,"skinnable":false,"size":895234,"sourceURI":null,"releaseNotesURI":null,"softDisabled":false,"foreignInstall":false,"hasBinaryComponents":false,"strictCompatibility":false,"locales":[],"targetApplications":[{"id":"{ec8030f7-c20a-464f-9b0e-13a3a9e97384}","minVersion":"49.0.1","maxVersion":"49.*"}],"targetPlatforms":[],"multiprocessCompatible":false,"seen":true}
1476671359468	addons.xpi	DEBUG	getModTime: Recursive scan of firefox@getpocket.com
1476671359469	addons.xpi	DEBUG	Updating XPIState for {"id":"webcompat@mozilla.org","syncGUID":"T5hZaP51M0FA","location":"app-system-defaults","version":"1.0","type":"extension","internalName":null,"updateURL":null,"updateKey":null,"optionsURL":null,"optionsType":null,"aboutURL":null,"icons":{},"iconURL":null,"icon64URL":null,"defaultLocale":{"name":"Web Compat","description":"Urgent post-release fixes for web compatibility.","creator":null,"homepageURL":null},"visible":true,"active":true,"userDisabled":false,"appDisabled":false,"descriptor":"C:\\Program Files (x86)\\Mozilla Firefox\\browser\\features\\webcompat@mozilla.org.xpi","installDate":1475054007568,"updateDate":1475054007568,"applyBackgroundUpdates":1,"bootstrap":true,"skinnable":false,"size":1502,"sourceURI":null,"releaseNotesURI":null,"softDisabled":false,"foreignInstall":false,"hasBinaryComponents":false,"strictCompatibility":false,"locales":[],"targetApplications":[{"id":"{ec8030f7-c20a-464f-9b0e-13a3a9e97384}","minVersion":"49.0.1","maxVersion":"49.*"}],"targetPlatforms":[],"multiprocessCompatible":false,"seen":true}
1476671359469	addons.xpi	DEBUG	getModTime: Recursive scan of webcompat@mozilla.org
1476671359470	addons.xpi	DEBUG	Updating XPIState for {"id":"{972ce4c6-7e08-4474-a285-3208198ce6fd}","syncGUID":"4wL-ygojQoFe","location":"app-global","version":"49.0.1","type":"theme","internalName":"classic/1.0","updateURL":null,"updateKey":null,"optionsURL":null,"optionsType":null,"aboutURL":null,"icons":{"32":"icon.png","48":"icon.png"},"iconURL":null,"icon64URL":null,"defaultLocale":{"name":"Default","description":"The default theme.","creator":"Mozilla","homepageURL":null,"contributors":["Mozilla Contributors"]},"visible":true,"active":true,"userDisabled":false,"appDisabled":false,"descriptor":"C:\\Program Files (x86)\\Mozilla Firefox\\browser\\extensions\\{972ce4c6-7e08-4474-a285-3208198ce6fd}.xpi","installDate":1475054007318,"updateDate":1475054007318,"applyBackgroundUpdates":1,"skinnable":true,"size":21905,"sourceURI":null,"releaseNotesURI":null,"softDisabled":false,"foreignInstall":false,"hasBinaryComponents":false,"strictCompatibility":true,"locales":[],"targetApplications":[{"id":"{ec8030f7-c20a-464f-9b0e-13a3a9e97384}","minVersion":"49.0.1","maxVersion":"49.0.1"}],"targetPlatforms":[],"seen":true}
1476671359470	addons.xpi	DEBUG	getModTime: Recursive scan of {972ce4c6-7e08-4474-a285-3208198ce6fd}
1476671359471	DeferredSave.extensions.json	DEBUG	Save changes
1476671359471	addons.xpi	DEBUG	Updating database with changes to installed add-ons
1476671359471	addons.xpi-utils	DEBUG	Updating add-on states
1476671359472	addons.xpi-utils	DEBUG	Writing add-ons list
1476671359475	addons.xpi	DEBUG	Registering manifest for C:\Program Files (x86)\Mozilla Firefox\browser\features\e10srollout@mozilla.org.xpi
1476671359476	addons.xpi	DEBUG	Calling bootstrap method startup on e10srollout@mozilla.org version 1.2
1476671359476	addons.xpi	DEBUG	Registering manifest for C:\Program Files (x86)\Mozilla Firefox\browser\features\firefox@getpocket.com.xpi
1476671359477	addons.xpi	DEBUG	Calling bootstrap method startup on firefox@getpocket.com version 1.0.4
1476671359478	addons.xpi	DEBUG	Registering manifest for C:\Program Files (x86)\Mozilla Firefox\browser\features\webcompat@mozilla.org.xpi
1476671359478	addons.xpi	DEBUG	Calling bootstrap method startup on webcompat@mozilla.org version 1.0
1476671359480	addons.manager	DEBUG	Registering shutdown blocker for XPIProvider
1476671359480	addons.manager	DEBUG	Provider finished startup: XPIProvider
1476671359480	addons.manager	DEBUG	Starting provider: LightweightThemeManager
1476671359480	addons.manager	DEBUG	Registering shutdown blocker for LightweightThemeManager
1476671359480	addons.manager	DEBUG	Provider finished startup: LightweightThemeManager
1476671359481	addons.manager	DEBUG	Starting provider: GMPProvider
1476671359489	addons.manager	DEBUG	Registering shutdown blocker for GMPProvider
1476671359489	addons.manager	DEBUG	Provider finished startup: GMPProvider
1476671359489	addons.manager	DEBUG	Starting provider: PluginProvider
1476671359489	addons.manager	DEBUG	Registering shutdown blocker for PluginProvider
1476671359490	addons.manager	DEBUG	Provider finished startup: PluginProvider
1476671359490	addons.manager	DEBUG	Completed startup sequence
1476671360062	Marionette	INFO	Listening on port 9298
1476671361247	addons.manager	DEBUG	Starting provider: <unnamed-provider>
1476671361247	addons.manager	DEBUG	Registering shutdown blocker for <unnamed-provider>
1476671361247	addons.manager	DEBUG	Provider finished startup: <unnamed-provider>
1476671361292	addons.manager	DEBUG	Starting provider: PreviousExperimentProvider
1476671361292	addons.manager	DEBUG	Registering shutdown blocker for PreviousExperimentProvider
1476671361293	addons.manager	DEBUG	Provider finished startup: PreviousExperimentProvider
1476671361295	DeferredSave.extensions.json	DEBUG	Starting write
1476671361778	DeferredSave.extensions.json	DEBUG	Write succeeded
1476671361778	addons.xpi-utils	DEBUG	XPI Database saved, setting schema version preference to 17
1476671363435	Marionette	INFO	startBrowser bf282ee3-14d3-42f7-9e2f-bf212a3ce9a0
JavaScript error: http://clouduatv2.tab2pay.com/assets/js/jquery-1.11.0.min.js, line 4: SyntaxError: JSON.parse: unexpected character at line 1 column 1 of the JSON data
JavaScript error: http://clouduatv2.tab2pay.com/assets/js/jquery-1.11.0.min.js, line 4: SyntaxError: JSON.parse: unexpected character at line 1 column 1 of the JSON data
JavaScript error: http://clouduatv2.tab2pay.com/assets/js/jquery-1.11.0.min.js, line 4: SyntaxError: JSON.parse: unexpected character at line 1 column 1 of the JSON data
1476671423464	addons.productaddons	INFO	sending request to: https://aus5.mozilla.org/update/3/GMP/49.0.1/20160922113459/WINNT_x86-msvc-x64/en-US/release/Windows_NT%2010.0.0.0%20(x64)/default/default/update.xml
1476671424291	addons.productaddons	INFO	Completed downloading document
1476671425486	addons.productaddons	INFO	downloadXHR File download. status=2001476671870013	addons.manager	INFO	Skipping background update check
1476672110057	DeferredSave.extensions.json	DEBUG	Save changes
1476672110059	DeferredSave.extensions.json	DEBUG	Starting timer
1476672110093	DeferredSave.extensions.json	DEBUG	Starting write
1476672110105	DeferredSave.extensions.json	DEBUG	Write succeeded
1476674392733	addons.xpi	DEBUG	Calling bootstrap method shutdown on e10srollout@mozilla.org version 1.2
1476674392734	addons.xpi	DEBUG	Calling bootstrap method shutdown on firefox@getpocket.com version 1.0.4
1476674392734	addons.xpi	DEBUG	Calling bootstrap method shutdown on webcompat@mozilla.org version 1.0
1476674392959	addons.manager	DEBUG	shutdown
1476674392960	addons.manager	DEBUG	Calling shutdown blocker for XPIProvider
1476674392960	addons.xpi	DEBUG	shutdown
1476674392960	addons.xpi-utils	DEBUG	shutdown
1476674392961	addons.manager	DEBUG	Calling shutdown blocker for LightweightThemeManager
1476674392961	addons.manager	DEBUG	Calling shutdown blocker for GMPProvider
1476674392964	addons.manager	DEBUG	Calling shutdown blocker for PluginProvider
1476674392964	addons.manager	DEBUG	Calling shutdown blocker for <unnamed-provider>
1476674392967	addons.manager	DEBUG	Calling shutdown blocker for PreviousExperimentProvider
1476674392970	addons.xpi	DEBUG	Notifying XPI shutdown observers
1476674392974	addons.manager	DEBUG	Async provider shutdown done
hutdown on webcompat@mozilla.org version 1.0
1476674392221	addons.manager	DEBUG	shutdown
1476674392222	addons.manager	DEBUG	Calling shutdown blocker for XPIProvider
1476674392222	addons.xpi	DEBUG	shutdown
1476674392222	addons.xpi-utils	DEBUG	shutdown
1476674392222	addons.manager	DEBUG	Calling shutdown blocker for LightweightThemeManager
1476674392223	addons.manager	DEBUG	Calling shutdown blocker for GMPProvider
1476674392225	addons.manager	DEBUG	Calling shutdown blocker for PluginProvider
1476674392225	addons.manager	DEBUG	Calling shutdown blocker for <unnamed-provider>
1476674392228	addons.manager	DEBUG	Calling shutdown blocker for PreviousExperimentProvider
1476674392230	addons.xpi	DEBUG	Notifying XPI shutdown observers
1476674392234	addons.manager	DEBUG	Async provider shutdown done
tensions.json	DEBUG	Starting write
1476248005375	DeferredSave.extensions.json	DEBUG	Write succeeded
JavaScript warning: http://clouduatv2.tab2pay.com/assets/js/moment.min.js, line 6: unreachable code after return statement
1476269913187	addons.xpi	DEBUG	Calling bootstrap method shutdown on e10srollout@mozilla.org version 1.2
1476269913215	addons.xpi	DEBUG	Calling bootstrap method shutdown on firefox@getpocket.com version 1.0.4
1476269913217	addons.xpi	DEBUG	Calling bootstrap method shutdown on webcompat@mozilla.org version 1.0
1476269914305	addons.manager	DEBUG	shutdown
1476269914306	addons.manager	DEBUG	Calling shutdown blocker for XPIProvider
1476269914307	addons.xpi	DEBUG	shutdown
1476269914307	addons.xpi-utils	DEBUG	shutdown
1476269914309	addons.manager	DEBUG	Calling shutdown blocker for LightweightThemeManager
1476269914310	addons.manager	DEBUG	Calling shutdown blocker for GMPProvider
1476269914316	addons.manager	DEBUG	Calling shutdown blocker for PluginProvider
1476269914317	addons.manager	DEBUG	Calling shutdown blocker for <unnamed-provider>
1476269914321	addons.manager	DEBUG	Calling shutdown blocker for PreviousExperimentProvider
1476269914329	addons.xpi	DEBUG	Notifying XPI shutdown observers
1476269914338	addons.manager	DEBUG	Async provider shutdown done
rome://marionette/content/proxy.js:105:12
ownPriorityGetterTrap.get/<@chrome://marionette/content/proxy.js:24:25
GeckoDriver.prototype.sendKeysToElement@chrome://marionette/content/driver.js:2017:13
TaskImpl_run@resource://gre/modules/Task.jsm:319:40
TaskImpl@resource://gre/modules/Task.jsm:280:3
createAsyncFunction/asyncFunction@resource://gre/modules/Task.jsm:254:14
Task_spawn@resource://gre/modules/Task.jsm:168:12
TaskImpl_handleResultValue@resource://gre/modules/Task.jsm:388:16
TaskImpl_run@resource://gre/modules/Task.jsm:327:13
TaskImpl@resource://gre/modules/Task.jsm:280:3
createAsyncFunction/asyncFunction@resource://gre/modules/Task.jsm:254:14
Task_spawn@resource://gre/modules/Task.jsm:168:12
Dispatcher.prototype.execute@chrome://marionette/content/dispatcher.js:117:13
Dispatcher.prototype.onPacket@chrome://marionette/content/dispatcher.js:88:5
DebuggerTransport.prototype._onJSONObjectReady/<@chrome://marionette/content/server.js -> resource://devtools/shared/transport/transport.js:479:11
exports.makeInfallible/<@resource://gre/modules/commonjs/toolkit/loader.js -> resource://devtools/shared/ThreadSafeDevToolsUtils.js:101:14
exports.makeInfallible/<@resource://gre/modules/commonjs/toolkit/loader.js -> resource://devtools/shared/ThreadSafeDevToolsUtils.js:101:14

*************************
Marionette threw an error: TypeError: this.browser.getBrowserForTab is not a function
hasRemotenessChange@chrome://marionette/content/browser.js:219:27
executeWhenReady@chrome://marionette/content/browser.js:250:9
GeckoDriver.prototype.sendAsync@chrome://marionette/content/driver.js:221:5
send/<@chrome://marionette/content/proxy.js:138:7
send@chrome://marionette/content/proxy.js:105:12
ownPriorityGetterTrap.get/<@chrome://marionette/content/proxy.js:24:25
GeckoDriver.prototype.sendKeysToElement@chrome://marionette/content/driver.js:2017:13
TaskImpl_run@resource://gre/modules/Task.jsm:319:40
TaskImpl@resource://gre/modules/Task.jsm:280:3
createAsyncFunction/asyncFunction@resource://gre/modules/Task.jsm:254:14
Task_spawn@resource://gre/modules/Task.jsm:168:12
TaskImpl_handleResultValue@resource://gre/modules/Task.jsm:388:16
TaskImpl_run@resource://gre/modules/Task.jsm:327:13
TaskImpl@resource://gre/modules/Task.jsm:280:3
createAsyncFunction/asyncFunction@resource://gre/modules/Task.jsm:254:14
Task_spawn@resource://gre/modules/Task.jsm:168:12
Dispatcher.prototype.execute@chrome://marionette/content/dispatcher.js:117:13
Dispatcher.prototype.onPacket@chrome://marionette/content/dispatcher.js:88:5
DebuggerTransport.prototype._onJSONObjectReady/<@chrome://marionette/content/server.js -> resource://devtools/shared/transport/transport.js:479:11
exports.makeInfallible/<@resource://gre/modules/commonjs/toolkit/loader.js -> resource://devtools/shared/ThreadSafeDevToolsUtils.js:101:14
exports.makeInfallible/<@resource://gre/modules/commonjs/toolkit/loader.js -> resource://devtools/shared/ThreadSafeDevToolsUtils.js:101:14


###!!! [Child][MessageChannel] Error: (msgtype=0x4C0001,name=PCrashReporter::Msg_AnnotateCrashReport) Channel error: cannot send/recv

Crash Annotation GraphicsCriticalError: |[C0][GFX1-]: Receive IPC close with reason=AbnormalShutdown (t=70.4717) 
###!!! [Child][MessageChannel] Error: (msgtype=0x4600E3,name=PContent::Msg_GraphicsError) Channel error: cannot send/recv

[GFX1-]: Receive IPC close with reason=AbnormalShutdown
n actor we didn't know about: server1.conn0.child1/domnode308
console.error: 
  Got an addition of an actor we didn't know about: server1.conn0.child1/domnode309
console.error: 
  Got an addition of an actor we didn't know about: server1.conn0.child1/domnode310
console.error: 
  Got an addition of an actor we didn't know about: server1.conn0.child1/domnode311
console.error: 
  Got an addition of an actor we didn't know about: server1.conn0.child1/domnode312
1475132398772	addons.xpi	DEBUG	Calling bootstrap method shutdown on e10srollout@mozilla.org version 1.2
1475132398773	addons.xpi	DEBUG	Calling bootstrap method shutdown on firefox@getpocket.com version 1.0.4
1475132398774	addons.xpi	DEBUG	Calling bootstrap method shutdown on webcompat@mozilla.org version 1.0
1475132399138	addons.manager	DEBUG	shutdown
1475132399139	addons.manager	DEBUG	Calling shutdown blocker for XPIProvider
1475132399139	addons.xpi	DEBUG	shutdown
1475132399139	addons.xpi-utils	DEBUG	shutdown
1475132399140	addons.manager	DEBUG	Calling shutdown blocker for LightweightThemeManager
1475132399141	addons.manager	DEBUG	Calling shutdown blocker for GMPProvider
1475132399144	addons.manager	DEBUG	Calling shutdown blocker for PluginProvider
1475132399145	addons.manager	DEBUG	Calling shutdown blocker for <unnamed-provider>
1475132399148	addons.manager	DEBUG	Calling shutdown blocker for PreviousExperimentProvider
1475132399154	addons.xpi	DEBUG	Notifying XPI shutdown observers
1475132399158	addons.manager	DEBUG	Async provider shutdown done
ror: resource://gre/modules/commonjs/toolkit/loader.js -> resource://devtools/server/actors/inspector.js, line 4047: NS_ERROR_ILLEGAL_VALUE: Component returned failure code: 0x80070057 (NS_ERROR_ILLEGAL_VALUE) [inIDeepTreeWalker.parentNode]
JavaScript error: resource://gre/modules/commonjs/toolkit/loader.js -> resource://devtools/server/actors/inspector.js, line 4047: NS_ERROR_ILLEGAL_VALUE: Component returned failure code: 0x80070057 (NS_ERROR_ILLEGAL_VALUE) [inIDeepTreeWalker.parentNode]
JavaScript error: resource://gre/modules/commonjs/toolkit/loader.js -> resource://devtools/server/actors/inspector.js, line 4047: NS_ERROR_ILLEGAL_VALUE: Component returned failure code: 0x80070057 (NS_ERROR_ILLEGAL_VALUE) [inIDeepTreeWalker.parentNode]
JavaScript error: resource://gre/modules/commonjs/toolkit/loader.js -> resource://devtools/server/actors/inspector.js, line 4047: NS_ERROR_ILLEGAL_VALUE: Component returned failure code: 0x80070057 (NS_ERROR_ILLEGAL_VALUE) [inIDeepTreeWalker.parentNode]
JavaScript error: resource://gre/modules/commonjs/toolkit/loader.js -> resource://devtools/server/actors/inspector.js, line 4047: NS_ERROR_ILLEGAL_VALUE: Component returned failure code: 0x80070057 (NS_ERROR_ILLEGAL_VALUE) [inIDeepTreeWalker.parentNode]
JavaScript error: resource://gre/modules/commonjs/toolkit/loader.js -> resource://devtools/server/actors/inspector.js, line 4047: NS_ERROR_ILLEGAL_VALUE: Component returned failure code: 0x80070057 (NS_ERROR_ILLEGAL_VALUE) [inIDeepTreeWalker.parentNode]
JavaScript error: resource://gre/modules/commonjs/toolkit/loader.js -> resource://devtools/server/actors/inspector.js, line 4047: NS_ERROR_ILLEGAL_VALUE: Component returned failure code: 0x80070057 (NS_ERROR_ILLEGAL_VALUE) [inIDeepTreeWalker.parentNode]
JavaScript error: resource://gre/modules/commonjs/toolkit/loader.js -> resource://devtools/server/actors/inspector.js, line 4047: NS_ERROR_ILLEGAL_VALUE: Component returned failure code: 0x80070057 (NS_ERROR_ILLEGAL_VALUE) [inIDeepTreeWalker.parentNode]
JavaScript error: resource://gre/modules/commonjs/toolkit/loader.js -> resource://devtools/server/actors/inspector.js, line 4047: NS_ERROR_ILLEGAL_VALUE: Component returned failure code: 0x80070057 (NS_ERROR_ILLEGAL_VALUE) [inIDeepTreeWalker.parentNode]
JavaScript error: resource://gre/modules/commonjs/toolkit/loader.js -> resource://devtools/server/actors/inspector.js, line 4047: NS_ERROR_ILLEGAL_VALUE: Component returned failure code: 0x80070057 (NS_ERROR_ILLEGAL_VALUE) [inIDeepTreeWalker.parentNode]
JavaScript error: resource://gre/modules/commonjs/toolkit/loader.js -> resource://devtools/server/actors/inspector.js, line 4047: NS_ERROR_ILLEGAL_VALUE: Component returned failure code: 0x80070057 (NS_ERROR_ILLEGAL_VALUE) [inIDeepTreeWalker.parentNode]
JavaScript error: resource://gre/modules/commonjs/toolkit/loader.js -> resource://devtools/server/actors/inspector.js, line 4047: NS_ERROR_ILLEGAL_VALUE: Component returned failure code: 0x80070057 (NS_ERROR_ILLEGAL_VALUE) [inIDeepTreeWalker.parentNode]
JavaScript error: resource://gre/modules/commonjs/toolkit/loader.js -> resource://devtools/server/actors/inspector.js, line 4047: NS_ERROR_ILLEGAL_VALUE: Component returned failure code: 0x80070057 (NS_ERROR_ILLEGAL_VALUE) [inIDeepTreeWalker.parentNode]
JavaScript error: resource://gre/modules/commonjs/toolkit/loader.js -> resource://devtools/server/actors/inspector.js, line 4047: NS_ERROR_ILLEGAL_VALUE: Component returned failure code: 0x80070057 (NS_ERROR_ILLEGAL_VALUE) [inIDeepTreeWalker.parentNode]
1473827829267	addons.productaddons	INFO	sending request to: https://aus5.mozilla.org/update/3/GMP/48.0.2/20160823121617/WINNT_x86-msvc-x64/en-US/release/Windows_NT%2010.0.0.0%20(x64)/default/default/update.xml
1473827830262	addons.productaddons	INFO	Completed downloading document
1473827832097	addons.productaddons	INFO	downloadXHR File download. status=200
1473827832103	addons.productaddons	INFO	Downloaded file will be saved to C:\Users\Lenovo\AppData\Local\Temp\tmpaddon
1473827836253	addons.productaddons	INFO	downloadXHR File download. status=200
1473827836256	addons.productaddons	INFO	Downloaded file will be saved to C:\Users\Lenovo\AppData\Local\Temp\tmpaddon
1473827838488	addons.productaddons	INFO	downloadXHR File download. status=200
1473827838498	addons.productaddons	INFO	Downloaded file will be saved to C:\Users\Lenovo\AppData\Local\Temp\tmpaddon
1473828365019	addons.manager	INFO	Skipping background update check
1473828605043	DeferredSave.extensions.json	DEBUG	Save changes
1473828605047	DeferredSave.extensions.json	DEBUG	Starting timer
1473828605070	DeferredSave.extensions.json	DEBUG	Starting write
1473828605083	DeferredSave.extensions.json	DEBUG	Write succeeded
console.error: 
  Got a removal of an actor we didn't know about: server1.conn0.domnode174
console.error: 
  Got a removal of an actor we didn't know about: server1.conn0.domnode75
console.error: 
  Got a removal of an actor we didn't know about: server1.conn0.domnode76
console.error: 
  Got a removal of an actor we didn't know about: server1.conn0.domnode68
console.error: 
  Got a removal of an actor we didn't know about: server1.conn0.domnode147
console.error: 
  Got a removal of an actor we didn't know about: server1.conn0.domnode148
console.error: 
  Got an addition of an actor we didn't know about: server1.conn0.domnode175
console.error: 
  Got an addition of an actor we didn't know about: server1.conn0.domnode176
console.error: 
  Got an addition of an actor we didn't know about: server1.conn0.domnode177
console.error: 
  Got an addition of an actor we didn't know about: server1.conn0.domnode178
console.error: 
  Got an addition of an actor we didn't know about: server1.conn0.domnode179
console.error: 
  Got an addition of an actor we didn't know about: server1.conn0.domnode180
1473833341877	addons.xpi	DEBUG	Calling bootstrap method shutdown on e10srollout@mozilla.org version 1.1
1473833341880	addons.xpi	DEBUG	Calling bootstrap method shutdown on firefox@getpocket.com version 1.0.4
1473833341880	addons.xpi	DEBUG	Calling bootstrap method shutdown on loop@mozilla.org version 1.4.4
1473833342179	addons.manager	DEBUG	shutdown
1473833342179	addons.manager	DEBUG	Calling shutdown blocker for XPIProvider
1473833342179	addons.xpi	DEBUG	shutdown
1473833342180	addons.xpi-utils	DEBUG	shutdown
1473833342180	addons.manager	DEBUG	Calling shutdown blocker for LightweightThemeManager
1473833342181	addons.manager	DEBUG	Calling shutdown blocker for GMPProvider
1473833342183	addons.manager	DEBUG	Calling shutdown blocker for PluginProvider
1473833342183	addons.manager	DEBUG	Calling shutdown blocker for <unnamed-provider>
1473833342185	addons.manager	DEBUG	Calling shutdown blocker for PreviousExperimentProvider
1473833342188	addons.xpi	DEBUG	Notifying XPI shutdown observers
1473833342192	addons.manager	DEBUG	Async provider shutdown done
8083	addons.productaddons	INFO	Completed downloading document
1473660014934	addons.productaddons	INFO	downloadXHR File download. status=200
1473660014940	addons.productaddons	INFO	Downloaded file will be saved to C:\Users\Lenovo\AppData\Local\Temp\tmpaddon
1473660017222	addons.productaddons	INFO	downloadXHR File download. status=200
1473660017228	addons.productaddons	INFO	Downloaded file will be saved to C:\Users\Lenovo\AppData\Local\Temp\tmpaddon
1473660020437	addons.productaddons	INFO	downloadXHR File download. status=200
1473660020439	addons.productaddons	INFO	Downloaded file will be saved to C:\Users\Lenovo\AppData\Local\Temp\tmpaddon
1473660543389	addons.manager	INFO	Skipping background update check
1473660783405	DeferredSave.extensions.json	DEBUG	Save changes
1473660783406	DeferredSave.extensions.json	DEBUG	Starting timer
1473660783430	DeferredSave.extensions.json	DEBUG	Starting write
1473660783443	DeferredSave.extensions.json	DEBUG	Write succeeded
1473664629327	addons.xpi	DEBUG	Calling bootstrap method shutdown on e10srollout@mozilla.org version 1.1
1473664629328	addons.xpi	DEBUG	Calling bootstrap method shutdown on firefox@getpocket.com version 1.0.4
1473664629328	addons.xpi	DEBUG	Calling bootstrap method shutdown on loop@mozilla.org version 1.4.4
1473664629725	addons.manager	DEBUG	shutdown
1473664629725	addons.manager	DEBUG	Calling shutdown blocker for XPIProvider
1473664629726	addons.xpi	DEBUG	shutdown
1473664629726	addons.xpi-utils	DEBUG	shutdown
1473664629727	addons.manager	DEBUG	Calling shutdown blocker for LightweightThemeManager
1473664629727	addons.manager	DEBUG	Calling shutdown blocker for GMPProvider
1473664629729	addons.manager	DEBUG	Calling shutdown blocker for PluginProvider
1473664629729	addons.manager	DEBUG	Calling shutdown blocker for <unnamed-provider>
1473664629731	addons.manager	DEBUG	Calling shutdown blocker for PreviousExperimentProvider
1473664629734	addons.xpi	DEBUG	Notifying XPI shutdown observers
1473664629739	addons.manager	DEBUG	Async provider shutdown done
er
1473655984945	addons.manager	DEBUG	Calling shutdown blocker for GMPProvider
1473655984951	addons.manager	DEBUG	Calling shutdown blocker for PluginProvider
1473655984952	addons.manager	DEBUG	Calling shutdown blocker for <unnamed-provider>
1473655984955	addons.manager	DEBUG	Calling shutdown blocker for PreviousExperimentProvider
1473655984960	addons.xpi	DEBUG	Notifying XPI shutdown observers
1473655984969	addons.manager	DEBUG	Async provider shutdown done
